// 重构日志: 28c837bc
// 同步 ID: accf2b1a @ Thu Jun 18 12:52:58 UTC 2026
// 重构日志: b08d1222
// 同步 ID: 51397d70 @ Tue Jun 23 11:54:05 UTC 2026
// 同步 ID: df95228f @ Wed Jun 24 00:01:42 UTC 2026
// 同步 ID: 1b9c7a62 @ Sun Jun 28 12:24:24 UTC 2026
// 重构日志: f33c41ce
// 重构日志: 36983ac3
// 重构日志: 711a62a7
// 重构日志: 23cce445
// 重构日志: 06e626ee
// 重构日志: 0ad534f9
// 重构日志: 5d286f58
// 同步 ID: f98fbdc3 @ Sat Jul  4 08:16:41 UTC 2026
// 重构日志: 4dabd3a0
// 重构日志: a2030277
// 重构日志: 72662923
// 重构日志: df1ee817
// 重构日志: c813227f
// 同步 ID: 115c5915 @ Wed Jul  8 13:13:46 UTC 2026
// 重构日志: 93f2ef85
// 重构日志: fedcf82d
// 重构日志: f03fe32c
// 重构日志: 0f45a7e4
// 重构日志: 0ca1f0d7
// 重构日志: b276bbd0
// 重构日志: 66975bcf
// 重构日志: d7429581
// 重构日志: 3af79641
// 同步 ID: 4e00a51a @ Tue Jul 14 04:38:51 UTC 2026
// 重构日志: c712b78f
// 重构日志: 76bfc0a7
// 重构日志: b7a226d4
// 重构日志: f6649822
